<?xml version="1.0" encoding="UTF-8" ?>
<testsuite tests="5" failures="1" name="hellocucumber.RunCucumberTest" time="11.36" errors="0" skipped="0">
  <properties>
[...]
</properties>
  <testcase classname="Youtube basic functionality" name="Enable dark mode" time="2.298"/>
  <testcase classname="Youtube basic functionality" name="I click on trending videos" time="1.393"/>
  <testcase classname="Youtube basic functionality" name="I search for a specific video" time="2.77"/>
  <testcase classname="Youtube basic functionality" name="I search for a specific video" time="2.378">
    <failure message="expected:&lt;https://www.youtube.com/watch?v=4JkIs37a2JE&gt; but was:&lt;null&gt;" type="java.lang.AssertionError">java.lang.AssertionError: expected:&lt;https://www.youtube.com/watch?v=4JkIs37a2JE&gt; but was:&lt;null&gt;
	at org.junit.Assert.fail(Assert.java:89)
	at org.junit.Assert.failNotEquals(Assert.java:835)
	at org.junit.Assert.assertEquals(Assert.java:120)
	at org.junit.Assert.assertEquals(Assert.java:146)
	at hellocucumber.Stepdefs.i_should_find_the(Stepdefs.java:82)
	at ✽.I should find the &quot;4JkIs37a2JE&quot;(classpath:hellocucumber/webfunc.feature:19)
</failure>
    <system-out>
Scenario Outline: I search for a specific video    &amp;#27;[90m# hellocucumber/webfunc.feature:24&amp;#27;[0m
  &amp;#27;[32mGiven &amp;#27;[0m&amp;#27;[32mI am on homepage&amp;#27;[0m                           &amp;#27;[90m# hellocucumber.Stepdefs.i_am_on_homepage()&amp;#27;[0m
  &amp;#27;[32mAnd &amp;#27;[0m&amp;#27;[32mI type into the searchbar &amp;#27;[0m&amp;#27;[32m&amp;#27;[1m&quot;Virtual Insanity&quot;&amp;#27;[0m &amp;#27;[90m# hellocucumber.Stepdefs.i_type_into_the_searchbar(java.lang.String)&amp;#27;[0m
  &amp;#27;[32mWhen &amp;#27;[0m&amp;#27;[32mI click search&amp;#27;[0m                              &amp;#27;[90m# hellocucumber.Stepdefs.i_click_search()&amp;#27;[0m
  &amp;#27;[31mThen &amp;#27;[0m&amp;#27;[31mI should find the &amp;#27;[0m&amp;#27;[31m&amp;#27;[1m&quot;4JkIs37a2JE&quot;&amp;#27;[0m             &amp;#27;[90m# hellocucumber.Stepdefs.i_should_find_the(java.lang.String)&amp;#27;[0m
      &amp;#27;[31mjava.lang.AssertionError: expected:&lt;https://www.youtube.com/watch?v=4JkIs37a2JE&gt; but was:&lt;null&gt;
	at org.junit.Assert.fail(Assert.java:89)
	at org.junit.Assert.failNotEquals(Assert.java:835)
	at org.junit.Assert.assertEquals(Assert.java:120)
	at org.junit.Assert.assertEquals(Assert.java:146)
	at hellocucumber.Stepdefs.i_should_find_the(Stepdefs.java:82)
	at ?.I should find the &quot;4JkIs37a2JE&quot;(classpath:hellocucumber/webfunc.feature:19)
&amp;#27;[0m
</system-out>
    <system-err>[1583518272.457][SEVERE]: Timed out receiving message from renderer: 0.100
[1583518273.858][SEVERE]: Timed out receiving message from renderer: 0.100
</system-err>
  </testcase>
  <testcase classname="Youtube basic functionality" name="I search for a specific video" time="2.521"/>
</testsuite>